0 info it worked if it ends with ok
1 verbose cli [ '/usr/local/opt/nvm/versions/node/v4.2.1/bin/node',
1 verbose cli   '/usr/local/opt/nvm/versions/node/v4.2.1/bin/npm',
1 verbose cli   'install',
1 verbose cli   'bdensmore/learnosity-sdk-node' ]
2 info using npm@3.5.2
3 info using node@v4.2.1
4 silly loadCurrentTree Starting
5 silly install loadCurrentTree
6 silly install readLocalPackageData
7 silly fetchPackageMetaData bdensmore/learnosity-sdk-node
8 silly fetchOtherPackageData bdensmore/learnosity-sdk-node
9 silly cache add args [ 'bdensmore/learnosity-sdk-node', null ]
10 verbose cache add spec bdensmore/learnosity-sdk-node
11 silly cache add parsed spec Result {
11 silly cache add   raw: 'bdensmore/learnosity-sdk-node',
11 silly cache add   scope: null,
11 silly cache add   name: null,
11 silly cache add   rawSpec: 'bdensmore/learnosity-sdk-node',
11 silly cache add   spec: 'github:bdensmore/learnosity-sdk-node',
11 silly cache add   type: 'hosted',
11 silly cache add   hosted:
11 silly cache add    { type: 'github',
11 silly cache add      ssh: 'git@github.com:bdensmore/learnosity-sdk-node.git',
11 silly cache add      sshUrl: 'git+ssh://git@github.com/bdensmore/learnosity-sdk-node.git',
11 silly cache add      httpsUrl: 'git+https://github.com/bdensmore/learnosity-sdk-node.git',
11 silly cache add      gitUrl: 'git://github.com/bdensmore/learnosity-sdk-node.git',
11 silly cache add      shortcut: 'github:bdensmore/learnosity-sdk-node',
11 silly cache add      directUrl: 'https://raw.githubusercontent.com/bdensmore/learnosity-sdk-node/master/package.json' } }
12 verbose addRemoteGit caching bdensmore/learnosity-sdk-node
13 verbose addRemoteGit bdensmore/learnosity-sdk-node is a repository hosted by github
14 silly tryGitProto attempting to clone git://github.com/bdensmore/learnosity-sdk-node.git
15 silly tryClone cloning bdensmore/learnosity-sdk-node via git://github.com/bdensmore/learnosity-sdk-node.git
16 verbose tryClone git-github-com-bdensmore-learnosity-sdk-node-git-173d9b1b not in flight; caching
17 info git [ 'config', '--get', 'remote.origin.url' ]
18 silly validateExistingRemote bdensmore/learnosity-sdk-node remote.origin.url: git://github.com/bdensmore/learnosity-sdk-node.git
19 verbose validateExistingRemote bdensmore/learnosity-sdk-node is updating existing cached remote /home/nitrous/.npm/_git-remotes/git-github-com-bdensmore-learnosity-sdk-node-git-173d9b1b
20 info git [ 'fetch', '-a', 'origin' ]
21 verbose updateRemote git fetch -a origin (git://github.com/bdensmore/learnosity-sdk-node.git)
22 verbose setPermissions bdensmore/learnosity-sdk-node set permissions on /home/nitrous/.npm/_git-remotes/git-github-com-bdensmore-learnosity-sdk-node-git-173d9b1b
23 verbose resolveHead bdensmore/learnosity-sdk-node original treeish: master
24 info git [ 'rev-list', '-n1', 'master' ]
25 silly resolveHead bdensmore/learnosity-sdk-node resolved treeish: d7de3bd5cbf06bce2d1ff7a6e7b0185f2e417d70
26 verbose resolveHead bdensmore/learnosity-sdk-node resolved Git URL: git://github.com/bdensmore/learnosity-sdk-node.git#d7de3bd5cbf06bce2d1ff7a6e7b0185f2e417d70
27 silly resolveHead Git working directory: /tmp/npm-22755-4c9c9214/git-cache-4bad1dcf/d7de3bd5cbf06bce2d1ff7a6e7b0185f2e417d70
28 info git [ 'clone',
28 info git   '/home/nitrous/.npm/_git-remotes/git-github-com-bdensmore-learnosity-sdk-node-git-173d9b1b',
28 info git   '/tmp/npm-22755-4c9c9214/git-cache-4bad1dcf/d7de3bd5cbf06bce2d1ff7a6e7b0185f2e417d70' ]
29 verbose cloneResolved bdensmore/learnosity-sdk-node clone Cloning into '/tmp/npm-22755-4c9c9214/git-cache-4bad1dcf/d7de3bd5cbf06bce2d1ff7a6e7b0185f2e417d70'...
29 verbose cloneResolved done.
30 info git [ 'checkout', 'd7de3bd5cbf06bce2d1ff7a6e7b0185f2e417d70' ]
31 verbose checkoutTreeish bdensmore/learnosity-sdk-node checkout Note: checking out 'd7de3bd5cbf06bce2d1ff7a6e7b0185f2e417d70'.
31 verbose checkoutTreeish
31 verbose checkoutTreeish You are in 'detached HEAD' state. You can look around, make experimental
31 verbose checkoutTreeish changes and commit them, and you can discard any commits you make in this
31 verbose checkoutTreeish state without impacting any branches by performing another checkout.
31 verbose checkoutTreeish
31 verbose checkoutTreeish If you want to create a new branch to retain commits you create, you may
31 verbose checkoutTreeish do so (now or later) by using -b with the checkout command again. Example:
31 verbose checkoutTreeish
31 verbose checkoutTreeish   git checkout -b new_branch_name
31 verbose checkoutTreeish
31 verbose checkoutTreeish HEAD is now at d7de3bd... Add service options
32 verbose addLocalDirectory /home/nitrous/.npm/learnosity-sdk-node/1.0.0/package.tgz not in flight; packing
33 verbose tar pack [ '/home/nitrous/.npm/learnosity-sdk-node/1.0.0/package.tgz',
33 verbose tar pack   '/tmp/npm-22755-4c9c9214/git-cache-4bad1dcf/d7de3bd5cbf06bce2d1ff7a6e7b0185f2e417d70' ]
34 verbose tarball /home/nitrous/.npm/learnosity-sdk-node/1.0.0/package.tgz
35 verbose folder /tmp/npm-22755-4c9c9214/git-cache-4bad1dcf/d7de3bd5cbf06bce2d1ff7a6e7b0185f2e417d70
36 verbose addLocalTarball adding from inside cache /home/nitrous/.npm/learnosity-sdk-node/1.0.0/package.tgz
37 verbose addRemoteGit data._from: bdensmore/learnosity-sdk-node
38 verbose addRemoteGit data._resolved: git://github.com/bdensmore/learnosity-sdk-node.git#d7de3bd5cbf06bce2d1ff7a6e7b0185f2e417d70
39 silly cache afterAdd learnosity-sdk-node@1.0.0
40 verbose afterAdd /home/nitrous/.npm/learnosity-sdk-node/1.0.0/package/package.json not in flight; writing
41 verbose afterAdd /home/nitrous/.npm/learnosity-sdk-node/1.0.0/package/package.json written
42 silly install normalizeTree
43 silly loadCurrentTree Finishing
44 silly loadIdealTree Starting
45 silly install loadIdealTree
46 silly cloneCurrentTree Starting
47 silly install cloneCurrentTreeToIdealTree
48 silly cloneCurrentTree Finishing
49 silly loadShrinkwrap Starting
50 silly install loadShrinkwrap
51 silly loadShrinkwrap Finishing
52 silly loadAllDepsIntoIdealTree Starting
53 silly install loadAllDepsIntoIdealTree
54 silly rollbackFailedOptional Starting
55 silly rollbackFailedOptional Finishing
56 silly runTopLevelLifecycles Starting
57 silly runTopLevelLifecycles Finishing
58 silly install printInstalled
59 verbose stack Error: Refusing to install learnosity-sdk-node as a dependency of itself
59 verbose stack     at checkSelf (/usr/local/opt/nvm/versions/node/v4.2.1/lib/node_modules/npm/lib/install/validate-args.js:40:14)
59 verbose stack     at Array.<anonymous> (/usr/local/opt/nvm/versions/node/v4.2.1/lib/node_modules/npm/node_modules/slide/lib/bind-actor.js:15:8)
59 verbose stack     at LOOP (/usr/local/opt/nvm/versions/node/v4.2.1/lib/node_modules/npm/node_modules/slide/lib/chain.js:15:14)
59 verbose stack     at chain (/usr/local/opt/nvm/versions/node/v4.2.1/lib/node_modules/npm/node_modules/slide/lib/chain.js:20:5)
59 verbose stack     at /usr/local/opt/nvm/versions/node/v4.2.1/lib/node_modules/npm/lib/install/validate-args.js:15:5
59 verbose stack     at /usr/local/opt/nvm/versions/node/v4.2.1/lib/node_modules/npm/node_modules/slide/lib/async-map.js:52:35
59 verbose stack     at Array.forEach (native)
59 verbose stack     at /usr/local/opt/nvm/versions/node/v4.2.1/lib/node_modules/npm/node_modules/slide/lib/async-map.js:52:11
59 verbose stack     at Array.forEach (native)
59 verbose stack     at asyncMap (/usr/local/opt/nvm/versions/node/v4.2.1/lib/node_modules/npm/node_modules/slide/lib/async-map.js:51:8)
60 verbose cwd /home/nitrous/code/learnosity-sdk-node
61 error Linux 4.2.0-18-generic
62 error argv "/usr/local/opt/nvm/versions/node/v4.2.1/bin/node" "/usr/local/opt/nvm/versions/node/v4.2.1/bin/npm" "install" "bdensmore/learnosity-sdk-node"
63 error node v4.2.1
64 error npm  v3.5.2
65 error code ENOSELF
66 error Refusing to install learnosity-sdk-node as a dependency of itself
67 error If you need help, you may report this error at:
67 error     <https://github.com/npm/npm/issues>
68 verbose exit [ 1, true ]
